<?xml version="1.0" encoding="UTF-8"?>
<testsuite name="org.example.controller.GreetingControllerTest" tests="6" skipped="0" failures="0" errors="0" timestamp="2020-09-18T13:37:51" hostname="HENNINGS-SURFAC" time="0.445">
  <properties/>
  <testcase name="testdelete()" classname="org.example.controller.GreetingControllerTest" time="0.394"/>
  <testcase name="putInvalid()" classname="org.example.controller.GreetingControllerTest" time="0.009"/>
  <testcase name="testput()" classname="org.example.controller.GreetingControllerTest" time="0.008"/>
  <testcase name="create()" classname="org.example.controller.GreetingControllerTest" time="0.007"/>
  <testcase name="createInvalid()" classname="org.example.controller.GreetingControllerTest" time="0.018"/>
  <testcase name="deleteInvalid()" classname="org.example.controller.GreetingControllerTest" time="0.004"/>
  <system-out><![CDATA[15:37:49.495 [Test worker] DEBUG org.springframework.test.context.BootstrapUtils - Instantiating CacheAwareContextLoaderDelegate from class [org.springframework.test.context.cache.DefaultCacheAwareContextLoaderDelegate]
15:37:49.508 [Test worker] DEBUG org.springframework.test.context.BootstrapUtils - Instantiating BootstrapContext using constructor [public org.springframework.test.context.support.DefaultBootstrapContext(java.lang.Class,org.springframework.test.context.CacheAwareContextLoaderDelegate)]
15:37:49.536 [Test worker] DEBUG org.springframework.test.context.BootstrapUtils - Instantiating TestContextBootstrapper for test class [org.example.controller.GreetingControllerTest] from class [org.springframework.boot.test.context.SpringBootTestContextBootstrapper]
15:37:49.550 [Test worker] INFO org.springframework.boot.test.context.SpringBootTestContextBootstrapper - Neither @ContextConfiguration nor @ContextHierarchy found for test class [org.example.controller.GreetingControllerTest], using SpringBootContextLoader
15:37:49.554 [Test worker] DEBUG org.springframework.test.context.support.AbstractContextLoader - Did not detect default resource location for test class [org.example.controller.GreetingControllerTest]: class path resource [org/example/controller/GreetingControllerTest-context.xml] does not exist
15:37:49.555 [Test worker] DEBUG org.springframework.test.context.support.AbstractContextLoader - Did not detect default resource location for test class [org.example.controller.GreetingControllerTest]: class path resource [org/example/controller/GreetingControllerTestContext.groovy] does not exist
15:37:49.555 [Test worker] INFO org.springframework.test.context.support.AbstractContextLoader - Could not detect default resource locations for test class [org.example.controller.GreetingControllerTest]: no resource found for suffixes {-context.xml, Context.groovy}.
15:37:49.556 [Test worker] INFO org.springframework.test.context.support.AnnotationConfigContextLoaderUtils - Could not detect default configuration classes for test class [org.example.controller.GreetingControllerTest]: GreetingControllerTest does not declare any static, non-private, non-final, nested classes annotated with @Configuration.
15:37:49.605 [Test worker] DEBUG org.springframework.test.context.support.ActiveProfilesUtils - Could not find an 'annotation declaring class' for annotation type [org.springframework.test.context.ActiveProfiles] and class [org.example.controller.GreetingControllerTest]
15:37:49.682 [Test worker] DEBUG org.springframework.context.annotation.ClassPathScanningCandidateComponentProvider - Identified candidate component class: file [C:\Users\Henning Georgi\IdeaProjects\example\build\classes\java\main\org\example\Application.class]
15:37:49.684 [Test worker] INFO org.springframework.boot.test.context.SpringBootTestContextBootstrapper - Found @SpringBootConfiguration org.example.Application for test class org.example.controller.GreetingControllerTest
15:37:49.782 [Test worker] DEBUG org.springframework.boot.test.context.SpringBootTestContextBootstrapper - @TestExecutionListeners is not present for class [org.example.controller.GreetingControllerTest]: using defaults.
15:37:49.782 [Test worker] INFO org.springframework.boot.test.context.SpringBootTestContextBootstrapper - Loaded default TestExecutionListener class names from location [META-INF/spring.factories]: [org.springframework.boot.test.autoconfigure.restdocs.RestDocsTestExecutionListener, org.springframework.boot.test.autoconfigure.web.client.MockRestServiceServerResetTestExecutionListener, org.springframework.boot.test.autoconfigure.web.servlet.MockMvcPrintOnlyOnFailureTestExecutionListener, org.springframework.boot.test.autoconfigure.web.servlet.WebDriverTestExecutionListener, org.springframework.boot.test.autoconfigure.webservices.client.MockWebServiceServerTestExecutionListener, org.springframework.boot.test.mock.mockito.MockitoTestExecutionListener, org.springframework.boot.test.mock.mockito.ResetMocksTestExecutionListener, org.springframework.test.context.web.ServletTestExecutionListener, org.springframework.test.context.support.DirtiesContextBeforeModesTestExecutionListener, org.springframework.test.context.support.DependencyInjectionTestExecutionListener, org.springframework.test.context.support.DirtiesContextTestExecutionListener, org.springframework.test.context.transaction.TransactionalTestExecutionListener, org.springframework.test.context.jdbc.SqlScriptsTestExecutionListener, org.springframework.test.context.event.EventPublishingTestExecutionListener]
15:37:49.792 [Test worker] DEBUG org.springframework.boot.test.context.SpringBootTestContextBootstrapper - Skipping candidate TestExecutionListener [org.springframework.test.context.transaction.TransactionalTestExecutionListener] due to a missing dependency. Specify custom listener classes or make the default listener classes and their required dependencies available. Offending class: [org/springframework/transaction/interceptor/TransactionAttributeSource]
15:37:49.793 [Test worker] DEBUG org.springframework.boot.test.context.SpringBootTestContextBootstrapper - Skipping candidate TestExecutionListener [org.springframework.test.context.jdbc.SqlScriptsTestExecutionListener] due to a missing dependency. Specify custom listener classes or make the default listener classes and their required dependencies available. Offending class: [org/springframework/transaction/interceptor/TransactionAttribute]
15:37:49.793 [Test worker] INFO org.springframework.boot.test.context.SpringBootTestContextBootstrapper - Using TestExecutionListeners: [org.springframework.test.context.web.ServletTestExecutionListener@2bb2fd2b, org.springframework.test.context.support.DirtiesContextBeforeModesTestExecutionListener@7cefe251, org.springframework.boot.test.mock.mockito.MockitoTestExecutionListener@5e8507a2, org.springframework.boot.test.autoconfigure.SpringBootDependencyInjectionTestExecutionListener@567a33a4, org.springframework.test.context.support.DirtiesContextTestExecutionListener@6a1dd7e5, org.springframework.test.context.event.EventPublishingTestExecutionListener@69635d9d, org.springframework.boot.test.autoconfigure.restdocs.RestDocsTestExecutionListener@1fadff04, org.springframework.boot.test.autoconfigure.web.client.MockRestServiceServerResetTestExecutionListener@184d0846, org.springframework.boot.test.autoconfigure.web.servlet.MockMvcPrintOnlyOnFailureTestExecutionListener@1ceb5655, org.springframework.boot.test.autoconfigure.web.servlet.WebDriverTestExecutionListener@6f176fe0, org.springframework.boot.test.autoconfigure.webservices.client.MockWebServiceServerTestExecutionListener@1f32e8d9, org.springframework.boot.test.mock.mockito.ResetMocksTestExecutionListener@6f4ddc41]
15:37:49.797 [Test worker] DEBUG org.springframework.test.context.support.AbstractDirtiesContextTestExecutionListener - Before test class: context [DefaultTestContext@1723571e testClass = GreetingControllerTest, testInstance = [null], testMethod = [null], testException = [null], mergedContextConfiguration = [WebMergedContextConfiguration@68420c83 testClass = GreetingControllerTest, locations = '{}', classes = '{class org.example.Application}', contextInitializerClasses = '[]', activeProfiles = '{}', propertySourceLocations = '{}', propertySourceProperties = '{org.springframework.boot.test.context.SpringBootTestContextBootstrapper=true}', contextCustomizers = set[org.springframework.boot.test.autoconfigure.properties.PropertyMappingContextCustomizer@4b3fa0b3, org.springframework.boot.test.autoconfigure.web.servlet.WebDriverContextCustomizerFactory$Customizer@7ca93c84, [ImportsContextCustomizer@77cd83f key = [org.springframework.boot.test.autoconfigure.web.servlet.MockMvcAutoConfiguration, org.springframework.boot.test.autoconfigure.web.servlet.MockMvcWebClientAutoConfiguration, org.springframework.boot.test.autoconfigure.web.servlet.MockMvcWebDriverAutoConfiguration, org.springframework.boot.autoconfigure.security.oauth2.client.servlet.OAuth2ClientAutoConfiguration, org.springframework.boot.autoconfigure.security.oauth2.resource.servlet.OAuth2ResourceServerAutoConfiguration, org.springframework.boot.autoconfigure.security.servlet.SecurityAutoConfiguration, org.springframework.boot.autoconfigure.security.servlet.SecurityFilterAutoConfiguration, org.springframework.boot.autoconfigure.security.servlet.UserDetailsServiceAutoConfiguration, org.springframework.boot.test.autoconfigure.web.servlet.MockMvcSecurityConfiguration]], org.springframework.boot.test.context.filter.ExcludeFilterContextCustomizer@5561954a, org.springframework.boot.test.json.DuplicateJsonObjectContextCustomizerFactory$DuplicateJsonObjectContextCustomizer@2e6f6bf, org.springframework.boot.test.mock.mockito.MockitoContextCustomizer@0, org.springframework.boot.test.web.client.TestRestTemplateContextCustomizer@520b3c12, org.springframework.boot.test.context.SpringBootTestArgs@1], resourceBasePath = 'src/main/webapp', contextLoader = 'org.springframework.boot.test.context.SpringBootContextLoader', parent = [null]], attributes = map['org.springframework.test.context.web.ServletTestExecutionListener.activateListener' -> true]], class annotated with @DirtiesContext [false] with mode [null].
15:37:49.825 [Test worker] DEBUG org.springframework.test.context.support.TestPropertySourceUtils - Adding inlined properties to environment: {spring.jmx.enabled=false, org.springframework.boot.test.context.SpringBootTestContextBootstrapper=true}

  .   ____          _            __ _ _
 /\\ / ___'_ __ _ _(_)_ __  __ _ \ \ \ \
( ( )\___ | '_ | '_| | '_ \/ _` | \ \ \ \
 \\/  ___)| |_)| | | | | || (_| |  ) ) ) )
  '  |____| .__|_| |_|_| |_\__, | / / / /
 =========|_|==============|___/=/_/_/_/
 :: Spring Boot ::        (v2.3.2.RELEASE)

2020-09-18 15:37:50.103  INFO 13932 --- [    Test worker] o.e.controller.GreetingControllerTest    : Starting GreetingControllerTest on Hennings-Surface-Book with PID 13932 (started by Henning Georgi in C:\Users\Henning Georgi\IdeaProjects\example)
2020-09-18 15:37:50.105  INFO 13932 --- [    Test worker] o.e.controller.GreetingControllerTest    : No active profile set, falling back to default profiles: default
2020-09-18 15:37:51.224  INFO 13932 --- [    Test worker] o.s.s.concurrent.ThreadPoolTaskExecutor  : Initializing ExecutorService 'applicationTaskExecutor'
2020-09-18 15:37:51.478  INFO 13932 --- [    Test worker] o.s.b.t.m.w.SpringBootMockServletContext : Initializing Spring TestDispatcherServlet ''
2020-09-18 15:37:51.479  INFO 13932 --- [    Test worker] o.s.t.web.servlet.TestDispatcherServlet  : Initializing Servlet ''
2020-09-18 15:37:51.539  INFO 13932 --- [    Test worker] o.s.t.web.servlet.TestDispatcherServlet  : Completed initialization in 60 ms
2020-09-18 15:37:51.559  INFO 13932 --- [    Test worker] o.e.controller.GreetingControllerTest    : Started GreetingControllerTest in 1.724 seconds (JVM running for 3.115)
2020-09-18 15:37:52.016  WARN 13932 --- [    Test worker] .w.s.m.s.DefaultHandlerExceptionResolver : Resolved [org.springframework.web.bind.MethodArgumentNotValidException: Validation failed for argument [0] in public org.example.model.CreateGreetingResponse org.example.controller.GreetingController.create(org.example.model.CreateGreetingRequest): [Field error in object 'createGreetingRequest' on field 'name': rejected value [null]; codes [NotEmpty.createGreetingRequest.name,NotEmpty.name,NotEmpty.java.lang.String,NotEmpty]; arguments [org.springframework.context.support.DefaultMessageSourceResolvable: codes [createGreetingRequest.name,name]; arguments []; default message [name]]; default message [must not be empty]] ]
]]></system-out>
  <system-err><![CDATA[]]></system-err>
</testsuite>
